Date/Time:       2024-02-18 14:22:41 
Command line:    C:\Users\USER\AppData\Local\Programs\Python\Python310\Scripts\briefcase run android --update -r

OS Release:      Windows 10
OS Version:      10.0.22621
Architecture:    AMD64
Platform:        Windows-10-10.0.22621-SP0

Python exe:      C:\Users\USER\AppData\Local\Programs\Python\Python310\python.exe
Python version:  3.10.8 (tags/v3.10.8:aaaf517, Oct 11 2022, 16:50:30) [MSC v.1933 64 bit (AMD64)]
Virtual env:     False
Conda env:       False

Briefcase:       0.3.17
Target platform: android
Target format:   gradle

Environment Variables:
	ALLUSERSPROFILE=C:\ProgramData
	APPDATA=C:\Users\USER\AppData\Roaming
	CHOCOLATEYINSTALL=C:\ProgramData\chocolatey
	CHOCOLATEYLASTPATHUPDATE=133104585271200455
	CHROME_CRASHPAD_PIPE_NAME=\\.\pipe\crashpad_5764_ZNIHLTXCXLNDHXUC
	COLORTERM=truecolor
	COMMONPROGRAMFILES=C:\Program Files\Common Files
	COMMONPROGRAMFILES(X86)=C:\Program Files (x86)\Common Files
	COMMONPROGRAMW6432=C:\Program Files\Common Files
	COMPUTERNAME=LAPTOP-5GSAESA1
	COMSPEC=C:\WINDOWS\system32\cmd.exe
	DRIVERDATA=C:\Windows\System32\Drivers\DriverData
	EFC_4572=1
	GIT_ASKPASS=********************
	HOMEDRIVE=C:
	HOMEPATH=\Users\USER
	LANG=en_US.UTF-8
	LOCALAPPDATA=C:\Users\USER\AppData\Local
	LOGONSERVER=\\LAPTOP-5GSAESA1
	LYNX=C:\Program Files (x86)\Lynx - web browser\lynx.exe
	NUMBER_OF_PROCESSORS=4
	ONEDRIVE=C:\Users\USER\OneDrive
	ORIGINAL_XDG_CURRENT_DESKTOP=undefined
	OS=Windows_NT
	PATH=C:\Program Files\Common Files\Oracle\Java\javapath;C:\WINDOWS\system32;C:\WINDOWS;C:\WINDOWS\System32\Wbem;C:\WINDOWS\System32\WindowsPowerShell\v1.0\;C:\WINDOWS\System32\OpenSSH\;C:\Program Files\nodejs\;C:\Program Files\Git\cmd;C:\ProgramData\chocolatey\bin;C:\Users\USER\AppData\Local\Programs\Python\Python310;C:\Users\USER\AppData\Local\Programs\Python\Python310\Scripts;C:\xampp\php;C:\ProgramData\ComposerSetup\bin;C:\Users\USER\AppData\Local\Microsoft\WindowsApps;C:\Users\USER\AppData\Local\Programs\Microsoft VS Code\bin;C:\Users\USER\AppData\Roaming\npm;C:\Users\USER\AppData\Local\GitHubDesktop\bin;C:\Users\USER\AppData\Roaming\TinyTeX\bin\win32;C:\Users\USER\AppData\Roaming\Composer\vendor\bin
	PATHEXT=.COM;.EXE;.BAT;.CMD;.VBS;.VBE;.JS;.JSE;.WSF;.WSH;.MSC;.CPL
	PROCESSOR_ARCHITECTURE=AMD64
	PROCESSOR_IDENTIFIER=Intel64 Family 6 Model 140 Stepping 1, GenuineIntel
	PROCESSOR_LEVEL=6
	PROCESSOR_REVISION=8c01
	PROGRAMDATA=C:\ProgramData
	PROGRAMFILES=C:\Program Files
	PROGRAMFILES(X86)=C:\Program Files (x86)
	PROGRAMW6432=C:\Program Files
	PSMODULEPATH=C:\Users\USER\Documents\WindowsPowerShell\Modules;C:\Program Files\WindowsPowerShell\Modules;C:\WINDOWS\system32\WindowsPowerShell\v1.0\Modules
	PUBLIC=C:\Users\Public
	SESSIONNAME=Console
	SYSTEMDRIVE=C:
	SYSTEMROOT=C:\WINDOWS
	TEMP=C:\Users\USER\AppData\Local\Temp
	TERM_PROGRAM=vscode
	TERM_PROGRAM_VERSION=1.86.2
	TMP=C:\Users\USER\AppData\Local\Temp
	USERDOMAIN=LAPTOP-5GSAESA1
	USERDOMAIN_ROAMINGPROFILE=LAPTOP-5GSAESA1
	USERNAME=USER
	USERPROFILE=C:\Users\USER
	VBOX_MSI_INSTALL_PATH=C:\Program Files\Oracle\VirtualBox\
	VS140COMNTOOLS=C:\Program Files (x86)\Microsoft Visual Studio 14.0\Common7\Tools\
	VSCODE_GIT_ASKPASS_EXTRA_ARGS=********************
	VSCODE_GIT_ASKPASS_MAIN=********************
	VSCODE_GIT_ASKPASS_NODE=********************
	VSCODE_GIT_IPC_HANDLE=\\.\pipe\vscode-git-344c976565-sock
	VSCODE_INJECTION=1
	VSCODE_NONCE=ae2afc59-b2d6-4501-9472-2b80e0de5fd7
	WINDIR=C:\WINDOWS
	ZES_ENABLE_SYSMAN=1
	__PSLOCKDOWNPOLICY=0

Briefcase Log:
[14:20:47] Using JDK at C:\Users\USER\AppData\Local\BeeWare\briefcase\Cache\tools\java17                                                                                 java.py:261
           Using Android SDK at C:\Users\USER\AppData\Local\BeeWare\briefcase\Cache\tools\android_sdk                                                             android_sdk.py:363
           Android emulator is already installed.                                                                                                                 android_sdk.py:638
[14:20:48]                                                                                                                                                              update.py:43
           [helloworld] Updating application code...                                                                                                                    update.py:43
           Installing src/helloworld... done                                                                                                                           create.py:624
                                                                                                                                                                        update.py:47
           [helloworld] Updating requirements...                                                                                                                        update.py:47
           Writing requirements file... done                                                                                                                           create.py:459
                                                                                                                                                                        update.py:59
           [helloworld] Removing unneeded app content...                                                                                                                update.py:59
           Removing directory app\build\python\env\debug\Lib\site-packages\chaquopy\__pycache__                                                                        create.py:807
           Removing directory app\build\python\env\debug\Lib\site-packages\_distutils_hack\__pycache__                                                                 create.py:807
           Removing directory app\src\main\python\helloworld\__pycache__                                                                                               create.py:807
           Removing unneeded app bundle content... done                                                                                                                create.py:800
                                                                                                                                                                        update.py:62
           [helloworld] Application updated.                                                                                                                            update.py:62
                                                                                                                                                                       gradle.py:314
           [helloworld] Updating app metadata...                                                                                                                       gradle.py:314
           Setting main module... done                                                                                                                                 gradle.py:296
                                                                                                                                                                       gradle.py:317
           [helloworld] Building Android APK...                                                                                                                        gradle.py:317
           Android emulator is already installed.                                                                                                                 android_sdk.py:638
                                                                                                                                                                   subprocess.py:711
           >>> Running Command:                                                                                                                                    subprocess.py:711
           >>>     'C:\Users\USER\Documents\GitHub\sample\sampleapp\helloworld\build\helloworld\android\gradle\gradlew.bat' --console plain assembleDebug          subprocess.py:711
           >>> Working Directory:                                                                                                                                  subprocess.py:711
           >>>     C:\Users\USER\Documents\GitHub\sample\sampleapp\helloworld\build\helloworld\android\gradle                                                      subprocess.py:711
           >>> Environment Overrides:                                                                                                                              subprocess.py:711
           >>>     ANDROID_HOME=C:\Users\USER\AppData\Local\BeeWare\briefcase\Cache\tools\android_sdk                                                              subprocess.py:711
           >>>     ANDROID_SDK_ROOT=C:\Users\USER\AppData\Local\BeeWare\briefcase\Cache\tools\android_sdk                                                          subprocess.py:711
           >>>     JAVA_HOME=C:\Users\USER\AppData\Local\BeeWare\briefcase\Cache\tools\java17                                                                      subprocess.py:711
[14:20:49]                                                                                                                                                         subprocess.py:685
           > Configure project :app                                                                                                                                subprocess.py:685
           Warning: Python version 3.10 may have fewer packages available. If you experience problems, try switching to version 3.8.                               subprocess.py:685
                                                                                                                                                                   subprocess.py:685
           > Task :app:preBuild UP-TO-DATE                                                                                                                         subprocess.py:685
           > Task :app:preDebugBuild UP-TO-DATE                                                                                                                    subprocess.py:685
           > Task :app:mergeDebugNativeDebugMetadata NO-SOURCE                                                                                                     subprocess.py:685
           > Task :app:extractDebugPythonBuildPackages UP-TO-DATE                                                                                                  subprocess.py:685
[14:20:51]                                                                                                                                                         subprocess.py:685
           > Task :app:generateDebugPythonRequirements                                                                                                             subprocess.py:685
           Chaquopy: Installing for arm64-v8a                                                                                                                      subprocess.py:685
[14:20:54] Looking in indexes: https://pypi.org/simple, https://chaquo.com/pypi-13.1                                                                               subprocess.py:685
           Collecting git+https://github.com/beeware/toga#subdirectory=core (from -r requirements.txt (line 2))                                                    subprocess.py:685
             Cloning https://github.com/beeware/toga to c:\users\user\appdata\local\temp\pip-req-build-3ih8dop0                                                    subprocess.py:685
             Running command git clone -q https://github.com/beeware/toga 'C:\Users\USER\AppData\Local\Temp\pip-req-build-3ih8dop0'                                subprocess.py:685
[14:20:59]   Installing build dependencies: started                                                                                                                subprocess.py:685
[14:21:20]   Installing build dependencies: finished with status 'done'                                                                                            subprocess.py:685
             Getting requirements to build wheel: started                                                                                                          subprocess.py:685
[14:21:22]   Getting requirements to build wheel: finished with status 'done'                                                                                      subprocess.py:685
             Installing backend dependencies: started                                                                                                              subprocess.py:685
[14:21:30]   Installing backend dependencies: finished with status 'done'                                                                                          subprocess.py:685
               Preparing wheel metadata: started                                                                                                                   subprocess.py:685
[14:21:31]     Preparing wheel metadata: finished with status 'done'                                                                                               subprocess.py:685
           Collecting git+https://github.com/beeware/toga#subdirectory=android (from -r requirements.txt (line 3))                                                 subprocess.py:685
             Cloning https://github.com/beeware/toga to c:\users\user\appdata\local\temp\pip-req-build-atrdnlq3                                                    subprocess.py:685
             Running command git clone -q https://github.com/beeware/toga 'C:\Users\USER\AppData\Local\Temp\pip-req-build-atrdnlq3'                                subprocess.py:685
[14:21:35]   Installing build dependencies: started                                                                                                                subprocess.py:685
[14:22:32]   Installing build dependencies: finished with status 'done'                                                                                            subprocess.py:685
             Getting requirements to build wheel: started                                                                                                          subprocess.py:685
[14:22:33]   Getting requirements to build wheel: finished with status 'done'                                                                                      subprocess.py:685
             Installing backend dependencies: started                                                                                                              subprocess.py:685
[14:22:35]   Installing backend dependencies: finished with status 'done'                                                                                          subprocess.py:685
               Preparing wheel metadata: started                                                                                                                   subprocess.py:685
[14:22:36]     Preparing wheel metadata: finished with status 'done'                                                                                               subprocess.py:685
[14:22:37] Collecting jnius                                                                                                                                        subprocess.py:685
             Downloading jnius-1.1.0.tar.gz (28 kB)                                                                                                                subprocess.py:685
[14:22:38]     ERROR: Command errored out with exit status 1:                                                                                                      subprocess.py:685
                command:                                                                                                                                           subprocess.py:685
           'C:\Users\USER\Documents\GitHub\sample\sampleapp\helloworld\build\helloworld\android\gradle\app\build\python\env\debug\Scripts\python.exe' -c 'import                    
           sys, setuptools, tokenize; sys.argv[0] = '"'"'C:\\Users\\USER\\AppData\\Local\\Temp\\pip-install-smlwv7f9\\jnius\\setup.py'"'"';                                         
           __file__='"'"'C:\\Users\\USER\\AppData\\Local\\Temp\\pip-install-smlwv7f9\\jnius\\setup.py'"'"';import chaquopy_monkey;                                                  
           chaquopy_monkey.disable_native();f=getattr(tokenize, '"'"'open'"'"', open)(__file__);code=f.read().replace('"'"'\r\n'"'"',                                               
           '"'"'\n'"'"');f.close();exec(compile(code, __file__, '"'"'exec'"'"'))' --no-user-cfg egg_info --egg-base                                                                 
           'C:\Users\USER\AppData\Local\Temp\pip-pip-egg-info-85q5nm4s'                                                                                                             
                    cwd: C:\Users\USER\AppData\Local\Temp\pip-install-smlwv7f9\jnius\                                                                              subprocess.py:685
               Complete output (10 lines):                                                                                                                         subprocess.py:685
               Traceback (most recent call last):                                                                                                                  subprocess.py:685
                 File "<string>", line 1, in <module>                                                                                                              subprocess.py:685
                 File "C:\Users\USER\AppData\Local\Temp\pip-install-smlwv7f9\jnius\setup.py", line 53, in <module>                                                 subprocess.py:685
                   from Cython.Distutils import build_ext                                                                                                          subprocess.py:685
               ModuleNotFoundError: No module named 'Cython'                                                                                                       subprocess.py:685
                                                                                                                                                                   subprocess.py:685
                                                                                                                                                                   subprocess.py:685
               You need Cython to compile Pyjnius.                                                                                                                 subprocess.py:685
                                                                                                                                                                   subprocess.py:685
                                                                                                                                                                   subprocess.py:685
               ----------------------------------------                                                                                                            subprocess.py:685
           ERROR: Failed to install jnius from                                                                                                                     subprocess.py:685
           https://files.pythonhosted.org/packages/45/f5/5673f3906a9e8ca68cb7bc2d9a1eaa944c321271c4af621dbb51c13d385a/jnius-1.1.0.tar.gz#sha256=5ab9e2f64196121c16                  
           8d85983c5bab3cecbb782113213570bf2840134157318c (from -r requirements.txt (line 1)).                                                                                      
           For assistance, please raise an issue at https://github.com/chaquo/chaquopy/issues.                                                                     subprocess.py:685
[14:22:39] Chaquopy: Exit status 1                                                                                                                                 subprocess.py:685
                                                                                                                                                                   subprocess.py:685
           > Task :app:generateDebugPythonRequirements FAILED                                                                                                      subprocess.py:685
                                                                                                                                                                   subprocess.py:685
           FAILURE: Build failed with an exception.                                                                                                                subprocess.py:685
                                                                                                                                                                   subprocess.py:685
           * What went wrong:                                                                                                                                      subprocess.py:685
           Execution failed for task ':app:generateDebugPythonRequirements'.                                                                                       subprocess.py:685
           > Process 'command                                                                                                                                      subprocess.py:685
           'C:\Users\USER\Documents\GitHub\sample\sampleapp\helloworld\build\helloworld\android\gradle\app\build\python\env\debug\Scripts\python.exe'' finished                     
           with non-zero exit value 1                                                                                                                                               
                                                                                                                                                                   subprocess.py:685
             To view full details in Android Studio:                                                                                                               subprocess.py:685
             * Click the 'Build: failed' caption to the left of this message.                                                                                      subprocess.py:685
             * Then scroll up to see the full output.                                                                                                              subprocess.py:685
                                                                                                                                                                   subprocess.py:685
           * Try:                                                                                                                                                  subprocess.py:685
           > Run with --stacktrace option to get the stack trace.                                                                                                  subprocess.py:685
           > Run with --info or --debug option to get more log output.                                                                                             subprocess.py:685
           > Run with --scan to get full insights.                                                                                                                 subprocess.py:685
           > Get more help at https://help.gradle.org.                                                                                                             subprocess.py:685
                                                                                                                                                                   subprocess.py:685
           BUILD FAILED in 1m 50s                                                                                                                                  subprocess.py:685
           2 actionable tasks: 1 executed, 1 up-to-date                                                                                                            subprocess.py:685
[14:22:40] >>> Return code: 1                                                                                                                                      subprocess.py:711
           Building...                                                                                                                                                 gradle.py:318
                                                                                                                                                                      __main__.py:44
           Error while building project.                                                                                                                              __main__.py:45

Main thread traceback:
╭─────────────────────────────────────────────────────────────────────── Traceback (most recent call last) ────────────────────────────────────────────────────────────────────────╮
│ C:\Users\USER\AppData\Local\Programs\Python\Python310\lib\site-packages\briefcase\platforms\android\gradle.py:320 in build_app                                                   │
│                                                                                                                                                                                  │
│   317 │   │   self.logger.info("Building Android APK...", prefix=app.app_name)                                                                                                   │
│   318 │   │   with self.input.wait_bar("Building..."):                                                                                                                           │
│   319 │   │   │   try:                                                                                                                                                           │
│ ❱ 320 │   │   │   │   self.run_gradle(app, ["assembleDebug"])                                                                                                                    │
│   321 │   │   │   except subprocess.CalledProcessError as e:                                                                                                                     │
│   322 │   │   │   │   raise BriefcaseCommandError("Error while building project.") from e                                                                                        │
│   323                                                                                                                                                                            │
│                                                                                                                                                                                  │
│ ╭───────────────────────────────────────────── locals ─────────────────────────────────────────────╮                                                                             │
│ │       app = <com.example.helloworld v0.0.1 AppConfig>                                            │                                                                             │
│ │    kwargs = {'device_or_avd': None, 'extra_emulator_args': None, 'shutdown_on_exit': False}      │                                                                             │
│ │      self = <briefcase.platforms.android.gradle.GradleBuildCommand object at 0x000002270BB2B7F0> │                                                                             │
│ │ test_mode = False                                                                                │                                                                             │
│ ╰──────────────────────────────────────────────────────────────────────────────────────────────────╯                                                                             │
│                                                                                                                                                                                  │
│ C:\Users\USER\AppData\Local\Programs\Python\Python310\lib\site-packages\briefcase\platforms\android\gradle.py:113 in run_gradle                                                  │
│                                                                                                                                                                                  │
│   110 │   │   self.tools.android_sdk.verify_emulator()                                                                                                                           │
│   111 │   │                                                                                                                                                                      │
│   112 │   │   gradlew = "gradlew.bat" if self.tools.host_os == "Windows" else "gradlew"                                                                                          │
│ ❱ 113 │   │   self.tools.subprocess.run(                                                                                                                                         │
│   114 │   │   │   # Windows needs the full path to `gradlew`; macOS & Linux can find it                                                                                          │
│   115 │   │   │   # via `./gradlew`. For simplicity of implementation, we always provide                                                                                         │
│   116 │   │   │   # the full path.                                                                                                                                               │
│                                                                                                                                                                                  │
│ ╭──────────────────────────────────────────── locals ────────────────────────────────────────────╮                                                                               │
│ │     app = <com.example.helloworld v0.0.1 AppConfig>                                            │                                                                               │
│ │    args = ['assembleDebug']                                                                    │                                                                               │
│ │ gradlew = 'gradlew.bat'                                                                        │                                                                               │
│ │    self = <briefcase.platforms.android.gradle.GradleBuildCommand object at 0x000002270BB2B7F0> │                                                                               │
│ ╰────────────────────────────────────────────────────────────────────────────────────────────────╯                                                                               │
│                                                                                                                                                                                  │
│ C:\Users\USER\AppData\Local\Programs\Python\Python310\lib\site-packages\briefcase\integrations\subprocess.py:141 in inner                                                        │
│                                                                                                                                                                                  │
│   138 │   │   # Run subprocess command with or without console control                                                                                                           │
│   139 │   │   if remove_dynamic_elements:                                                                                                                                        │
│   140 │   │   │   with sub.tools.input.release_console_control():                                                                                                                │
│ ❱ 141 │   │   │   │   return sub_method(sub, sub_args, *args, **kwargs)                                                                                                          │
│   142 │   │   else:                                                                                                                                                              │
│   143 │   │   │   return sub_method(sub, sub_args, *args, **kwargs)                                                                                                              │
│   144                                                                                                                                                                            │
│                                                                                                                                                                                  │
│ ╭─────────────────────────────────────────────────────────────────────── locals ───────────────────────────────────────────────────────────────────────╮                         │
│ │                    args = ()                                                                                                                         │                         │
│ │              executable = 'C:\\Users\\USER\\Documents\\GitHub\\sample\\sampleapp\\helloworld\\build\\helloworld\\andr'+22                            │                         │
│ │                  kwargs = {                                                                                                                          │                         │
│ │                           │   'env': {                                                                                                               │                         │
│ │                           │   │   'ANDROID_HOME': 'C:\\Users\\USER\\AppData\\Local\\BeeWare\\briefcase\\Cache\\tools\\android_sdk',                  │                         │
│ │                           │   │   'ANDROID_SDK_ROOT': 'C:\\Users\\USER\\AppData\\Local\\BeeWare\\briefcase\\Cache\\tools\\android_sdk',              │                         │
│ │                           │   │   'JAVA_HOME': 'C:\\Users\\USER\\AppData\\Local\\BeeWare\\briefcase\\Cache\\tools\\java17'                           │                         │
│ │                           │   },                                                                                                                     │                         │
│ │                           │   'cwd': WindowsPath('C:/Users/USER/Documents/GitHub/sample/sampleapp/helloworld/build/helloworld/android/gradle'),      │                         │
│ │                           │   'check': True,                                                                                                         │                         │
│ │                           │   'encoding': 'CP1252'                                                                                                   │                         │
│ │                           }                                                                                                                          │                         │
│ │ remove_dynamic_elements = True                                                                                                                       │                         │
│ │                     sub = <briefcase.integrations.subprocess.Subprocess object at 0x000002270BB2BB50>                                                │                         │
│ │                sub_args = [                                                                                                                          │                         │
│ │                           │   WindowsPath('C:/Users/USER/Documents/GitHub/sample/sampleapp/helloworld/build/helloworld/android/gradle/gradlew.bat'), │                         │
│ │                           │   '--console',                                                                                                           │                         │
│ │                           │   'plain',                                                                                                               │                         │
│ │                           │   'assembleDebug'                                                                                                        │                         │
│ │                           ]                                                                                                                          │                         │
│ │              sub_method = <function Subprocess.run at 0x000002270B9FEDD0>                                                                            │                         │
│ ╰──────────────────────────────────────────────────────────────────────────────────────────────────────────────────────────────────────────────────────╯                         │
│                                                                                                                                                                                  │
│ C:\Users\USER\AppData\Local\Programs\Python\Python310\lib\site-packages\briefcase\integrations\subprocess.py:410 in run                                                          │
│                                                                                                                                                                                  │
│   407 │   │   # caller sets stream_output=False, then ensure_console_is_safe() will                                                                                              │
│   408 │   │   # disable any dynamic console elements while the command runs.                                                                                                     │
│   409 │   │   if stream_output:                                                                                                                                                  │
│ ❱ 410 │   │   │   return self._run_and_stream_output(args, filter_func=filter_func, **kwargs)                                                                                    │
│   411 │   │                                                                                                                                                                      │
│   412 │   │   # Can't filter non-streamed output.                                                                                                                                │
│   413 │   │   if filter_func:                                                                                                                                                    │
│                                                                                                                                                                                  │
│ ╭────────────────────────────────────────────────────────────────── locals ──────────────────────────────────────────────────────────────────╮                                   │
│ │          args = [                                                                                                                          │                                   │
│ │                 │   WindowsPath('C:/Users/USER/Documents/GitHub/sample/sampleapp/helloworld/build/helloworld/android/gradle/gradlew.bat'), │                                   │
│ │                 │   '--console',                                                                                                           │                                   │
│ │                 │   'plain',                                                                                                               │                                   │
│ │                 │   'assembleDebug'                                                                                                        │                                   │
│ │                 ]                                                                                                                          │                                   │
│ │   filter_func = None                                                                                                                       │                                   │
│ │        kwargs = {                                                                                                                          │                                   │
│ │                 │   'env': {                                                                                                               │                                   │
│ │                 │   │   'ANDROID_HOME': 'C:\\Users\\USER\\AppData\\Local\\BeeWare\\briefcase\\Cache\\tools\\android_sdk',                  │                                   │
│ │                 │   │   'ANDROID_SDK_ROOT': 'C:\\Users\\USER\\AppData\\Local\\BeeWare\\briefcase\\Cache\\tools\\android_sdk',              │                                   │
│ │                 │   │   'JAVA_HOME': 'C:\\Users\\USER\\AppData\\Local\\BeeWare\\briefcase\\Cache\\tools\\java17'                           │                                   │
│ │                 │   },                                                                                                                     │                                   │
│ │                 │   'cwd': WindowsPath('C:/Users/USER/Documents/GitHub/sample/sampleapp/helloworld/build/helloworld/android/gradle'),      │                                   │
│ │                 │   'check': True,                                                                                                         │                                   │
│ │                 │   'encoding': 'CP1252'                                                                                                   │                                   │
│ │                 }                                                                                                                          │                                   │
│ │          self = <briefcase.integrations.subprocess.Subprocess object at 0x000002270BB2BB50>                                                │                                   │
│ │ stream_output = True                                                                                                                       │                                   │
│ ╰────────────────────────────────────────────────────────────────────────────────────────────────────────────────────────────────────────────╯                                   │
│                                                                                                                                                                                  │
│ C:\Users\USER\AppData\Local\Programs\Python\Python310\lib\site-packages\briefcase\integrations\subprocess.py:486 in _run_and_stream_output                                       │
│                                                                                                                                                                                  │
│   483 │   │   self._log_return_code(return_code)                                                                                                                                 │
│   484 │   │                                                                                                                                                                      │
│   485 │   │   if check and return_code:                                                                                                                                          │
│ ❱ 486 │   │   │   raise subprocess.CalledProcessError(return_code, args, stderr=stderr)                                                                                          │
│   487 │   │                                                                                                                                                                      │
│   488 │   │   return subprocess.CompletedProcess(args, return_code, stderr=stderr)                                                                                               │
│   489                                                                                                                                                                            │
│                                                                                                                                                                                  │
│ ╭─────────────────────────────────────────────────────────────────────────────────── locals ───────────────────────────────────────────────────────────────────────────────────╮ │
│ │        args = [WindowsPath('C:/Users/USER/Documents/GitHub/sample/sampleapp/helloworld/build/helloworld/android/gradle/gradlew.bat'), '--console', 'plain', 'assembleDebug'] │ │
│ │       check = True                                                                                                                                                           │ │
│ │ filter_func = None                                                                                                                                                           │ │
│ │      kwargs = {                                                                                                                                                              │ │
│ │               │   'env': {                                                                                                                                                   │ │
│ │               │   │   'ANDROID_HOME': 'C:\\Users\\USER\\AppData\\Local\\BeeWare\\briefcase\\Cache\\tools\\android_sdk',                                                      │ │
│ │               │   │   'ANDROID_SDK_ROOT': 'C:\\Users\\USER\\AppData\\Local\\BeeWare\\briefcase\\Cache\\tools\\android_sdk',                                                  │ │
│ │               │   │   'JAVA_HOME': 'C:\\Users\\USER\\AppData\\Local\\BeeWare\\briefcase\\Cache\\tools\\java17'                                                               │ │
│ │               │   },                                                                                                                                                         │ │
│ │               │   'cwd': WindowsPath('C:/Users/USER/Documents/GitHub/sample/sampleapp/helloworld/build/helloworld/android/gradle'),                                          │ │
│ │               │   'encoding': 'CP1252',                                                                                                                                      │ │
│ │               │   'stdout': -1,                                                                                                                                              │ │
│ │               │   'stderr': -2,                                                                                                                                              │ │
│ │               │   'bufsize': 1                                                                                                                                               │ │
│ │               }                                                                                                                                                              │ │
│ │     process = <Popen: returncode: 1 args: ['C:\\Users\\USER\\Documents\\GitHub\\sample\\sa...>                                                                               │ │
│ │ return_code = 1                                                                                                                                                              │ │
│ │        self = <briefcase.integrations.subprocess.Subprocess object at 0x000002270BB2BB50>                                                                                    │ │
│ │      stderr = None                                                                                                                                                           │ │
│ ╰──────────────────────────────────────────────────────────────────────────────────────────────────────────────────────────────────────────────────────────────────────────────╯ │
╰──────────────────────────────────────────────────────────────────────────────────────────────────────────────────────────────────────────────────────────────────────────────────╯
CalledProcessError: Command '[WindowsPath('C:/Users/USER/Documents/GitHub/sample/sampleapp/helloworld/build/helloworld/android/gradle/gradlew.bat'), '--console', 'plain', 'assembleDebug']' returned non-zero exit status 1.

The above exception was the direct cause of the following exception:

╭─────────────────────────────────────────────────────────────────────── Traceback (most recent call last) ────────────────────────────────────────────────────────────────────────╮
│ C:\Users\USER\AppData\Local\Programs\Python\Python310\lib\site-packages\briefcase\__main__.py:29 in main                                                                         │
│                                                                                                                                                                                  │
│   26 │   │   │   Path.cwd() / "pyproject.toml",                                                                                                                                  │
│   27 │   │   │   overrides=overrides,                                                                                                                                            │
│   28 │   │   )                                                                                                                                                                   │
│ ❱ 29 │   │   command(**options)                                                                                                                                                  │
│   30 │   except HelpText as e:                                                                                                                                                   │
│   31 │   │   logger.info()                                                                                                                                                       │
│   32 │   │   logger.info(str(e))                                                                                                                                                 │
│                                                                                                                                                                                  │
│ ╭────────────────────────────────────────────── locals ──────────────────────────────────────────────╮                                                                           │
│ │       command = <briefcase.platforms.android.gradle.GradleRunCommand object at 0x000002270BAAB1F0> │                                                                           │
│ │       Command = <class 'briefcase.platforms.android.gradle.GradleRunCommand'>                      │                                                                           │
│ │       console = <briefcase.console.Console object at 0x000002270BA65B70>                           │                                                                           │
│ │             e = BriefcaseCommandError('Error while building project.')                             │                                                                           │
│ │ extra_cmdline = ['--update', '-r']                                                                 │                                                                           │
│ │        logger = <briefcase.console.Log object at 0x000002270BA667A0>                               │                                                                           │
│ │       options = {                                                                                  │                                                                           │
│ │                 │   'appname': None,                                                               │                                                                           │
│ │                 │   'update': True,                                                                │                                                                           │
│ │                 │   'update_requirements': True,                                                   │                                                                           │
│ │                 │   'update_support': False,                                                       │                                                                           │
│ │                 │   'update_resources': False,                                                     │                                                                           │
│ │                 │   'no_update': False,                                                            │                                                                           │
│ │                 │   'test_mode': False,                                                            │                                                                           │
│ │                 │   'device_or_avd': None,                                                         │                                                                           │
│ │                 │   'extra_emulator_args': None,                                                   │                                                                           │
│ │                 │   'shutdown_on_exit': False,                                                     │                                                                           │
│ │                 │   ... +1                                                                         │                                                                           │
│ │                 }                                                                                  │                                                                           │
│ │     overrides = {}                                                                                 │                                                                           │
│ │       printer = <briefcase.console.Printer object at 0x00000227083CA3E0>                           │                                                                           │
│ │        result = 200                                                                                │                                                                           │
│ ╰────────────────────────────────────────────────────────────────────────────────────────────────────╯                                                                           │
│                                                                                                                                                                                  │
│ C:\Users\USER\AppData\Local\Programs\Python\Python310\lib\site-packages\briefcase\commands\run.py:299 in __call__                                                                │
│                                                                                                                                                                                  │
│   296 │   │   │   │   test_mode and not no_update                                                                                                                                │
│   297 │   │   │   )  # Test mode, but updates have not been disabled                                                                                                             │
│   298 │   │   ):                                                                                                                                                                 │
│ ❱ 299 │   │   │   state = self.build_command(                                                                                                                                    │
│   300 │   │   │   │   app,                                                                                                                                                       │
│   301 │   │   │   │   update=update,                                                                                                                                             │
│   302 │   │   │   │   update_requirements=update_requirements,                                                                                                                   │
│                                                                                                                                                                                  │
│ ╭───────────────────────────────────────────────────────────────────────────────── locals ──────────────────────────────────────────────────────────────────────────────────╮    │
│ │                 app = <com.example.helloworld v0.0.1 AppConfig>                                                                                                           │    │
│ │             appname = None                                                                                                                                                │    │
│ │         binary_file = WindowsPath('C:/Users/USER/Documents/GitHub/sample/sampleapp/helloworld/build/helloworld/android/gradle/app/build/outputs/apk/debug/app-debug.apk') │    │
│ │           no_update = False                                                                                                                                               │    │
│ │             options = {'device_or_avd': None, 'extra_emulator_args': None, 'shutdown_on_exit': False}                                                                     │    │
│ │         passthrough = []                                                                                                                                                  │    │
│ │                self = <briefcase.platforms.android.gradle.GradleRunCommand object at 0x000002270BAAB1F0>                                                                  │    │
│ │       template_file = WindowsPath('C:/Users/USER/Documents/GitHub/sample/sampleapp/helloworld/build/helloworld/android/gradle')                                           │    │
│ │           test_mode = False                                                                                                                                               │    │
│ │              update = True                                                                                                                                                │    │
│ │ update_requirements = True                                                                                                                                                │    │
│ │    update_resources = False                                                                                                                                               │    │
│ │      update_support = False                                                                                                                                               │    │
│ ╰───────────────────────────────────────────────────────────────────────────────────────────────────────────────────────────────────────────────────────────────────────────╯    │
│                                                                                                                                                                                  │
│ C:\Users\USER\AppData\Local\Programs\Python\Python310\lib\site-packages\briefcase\commands\build.py:118 in __call__                                                              │
│                                                                                                                                                                                  │
│   115 │   │   self.finalize(app)                                                                                                                                                 │
│   116 │   │                                                                                                                                                                      │
│   117 │   │   if app:                                                                                                                                                            │
│ ❱ 118 │   │   │   state = self._build_app(                                                                                                                                       │
│   119 │   │   │   │   app,                                                                                                                                                       │
│   120 │   │   │   │   update=update,                                                                                                                                             │
│   121 │   │   │   │   update_requirements=update_requirements,                                                                                                                   │
│                                                                                                                                                                                  │
│ ╭────────────────────────────────────────────────── locals ──────────────────────────────────────────────────╮                                                                   │
│ │                 app = <com.example.helloworld v0.0.1 AppConfig>                                            │                                                                   │
│ │           no_update = False                                                                                │                                                                   │
│ │             options = {'device_or_avd': None, 'extra_emulator_args': None, 'shutdown_on_exit': False}      │                                                                   │
│ │                self = <briefcase.platforms.android.gradle.GradleBuildCommand object at 0x000002270BB2B7F0> │                                                                   │
│ │           test_mode = False                                                                                │                                                                   │
│ │              update = True                                                                                 │                                                                   │
│ │ update_requirements = True                                                                                 │                                                                   │
│ │    update_resources = False                                                                                │                                                                   │
│ │      update_support = False                                                                                │                                                                   │
│ ╰────────────────────────────────────────────────────────────────────────────────────────────────────────────╯                                                                   │
│                                                                                                                                                                                  │
│ C:\Users\USER\AppData\Local\Programs\Python\Python310\lib\site-packages\briefcase\commands\build.py:73 in _build_app                                                             │
│                                                                                                                                                                                  │
│    70 │   │                                                                                                                                                                      │
│    71 │   │   self.verify_app(app)                                                                                                                                               │
│    72 │   │                                                                                                                                                                      │
│ ❱  73 │   │   state = self.build_app(app, test_mode=test_mode, **full_options(state, options))                                                                                   │
│    74 │   │                                                                                                                                                                      │
│    75 │   │   qualifier = " (test mode)" if test_mode else ""                                                                                                                    │
│    76 │   │   self.logger.info(                                                                                                                                                  │
│                                                                                                                                                                                  │
│ ╭────────────────────────────────────────────────── locals ──────────────────────────────────────────────────╮                                                                   │
│ │                 app = <com.example.helloworld v0.0.1 AppConfig>                                            │                                                                   │
│ │           no_update = False                                                                                │                                                                   │
│ │             options = {'device_or_avd': None, 'extra_emulator_args': None, 'shutdown_on_exit': False}      │                                                                   │
│ │                self = <briefcase.platforms.android.gradle.GradleBuildCommand object at 0x000002270BB2B7F0> │                                                                   │
│ │               state = None                                                                                 │                                                                   │
│ │           test_mode = False                                                                                │                                                                   │
│ │              update = True                                                                                 │                                                                   │
│ │ update_requirements = True                                                                                 │                                                                   │
│ │    update_resources = False                                                                                │                                                                   │
│ │      update_support = False                                                                                │                                                                   │
│ ╰────────────────────────────────────────────────────────────────────────────────────────────────────────────╯                                                                   │
│                                                                                                                                                                                  │
│ C:\Users\USER\AppData\Local\Programs\Python\Python310\lib\site-packages\briefcase\platforms\android\gradle.py:322 in build_app                                                   │
│                                                                                                                                                                                  │
│   319 │   │   │   try:                                                                                                                                                           │
│   320 │   │   │   │   self.run_gradle(app, ["assembleDebug"])                                                                                                                    │
│   321 │   │   │   except subprocess.CalledProcessError as e:                                                                                                                     │
│ ❱ 322 │   │   │   │   raise BriefcaseCommandError("Error while building project.") from e                                                                                        │
│   323                                                                                                                                                                            │
│   324                                                                                                                                                                            │
│   325 class GradleRunCommand(GradleMixin, RunCommand):                                                                                                                           │
│                                                                                                                                                                                  │
│ ╭───────────────────────────────────────────── locals ─────────────────────────────────────────────╮                                                                             │
│ │       app = <com.example.helloworld v0.0.1 AppConfig>                                            │                                                                             │
│ │    kwargs = {'device_or_avd': None, 'extra_emulator_args': None, 'shutdown_on_exit': False}      │                                                                             │
│ │      self = <briefcase.platforms.android.gradle.GradleBuildCommand object at 0x000002270BB2B7F0> │                                                                             │
│ │ test_mode = False                                                                                │                                                                             │
│ ╰──────────────────────────────────────────────────────────────────────────────────────────────────╯                                                                             │
╰──────────────────────────────────────────────────────────────────────────────────────────────────────────────────────────────────────────────────────────────────────────────────╯
BriefcaseCommandError: Error while building project.
                                                                                                                                                                      console.py:418
           Extra information:                                                                                                                                         console.py:419
                                                                                                                                                                   subprocess.py:711
           >>> Running Command:                                                                                                                                    subprocess.py:711
           >>>     'C:\Users\USER\AppData\Local\BeeWare\briefcase\Cache\tools\android_sdk\cmdline-tools\9.0\bin\sdkmanager.bat' --list_installed                   subprocess.py:711
           >>> Working Directory:                                                                                                                                  subprocess.py:711
           >>>     C:\Users\USER\Documents\GitHub\sample\sampleapp\helloworld                                                                                      subprocess.py:711
           >>> Environment Overrides:                                                                                                                              subprocess.py:711
           >>>     ANDROID_HOME=C:\Users\USER\AppData\Local\BeeWare\briefcase\Cache\tools\android_sdk                                                              subprocess.py:711
           >>>     ANDROID_SDK_ROOT=C:\Users\USER\AppData\Local\BeeWare\briefcase\Cache\tools\android_sdk                                                          subprocess.py:711
           >>>     JAVA_HOME=C:\Users\USER\AppData\Local\BeeWare\briefcase\Cache\tools\java17                                                                      subprocess.py:711
[14:22:41] >>> Command Output:                                                                                                                                     subprocess.py:711
           >>>     Loading package information...                                                                                                                  subprocess.py:711
           >>>     Loading local repository...                                                                                                                     subprocess.py:711
           >>>     [=========                              ] 25% Loading local repository...                                                                       subprocess.py:711
           >>>     [=========                              ] 25% Fetch remote repository...                                                                        subprocess.py:711
           >>>     [=======================================] 100% Fetch remote repository...                                                                       subprocess.py:711
           >>>                                                                                                                                                     subprocess.py:711
           >>>     Installed packages:                                                                                                                             subprocess.py:711
           >>>       Path                                        | Version | Description                                | Location                                 subprocess.py:711
           >>>       -------                                     | ------- | -------                                    | -------                                  subprocess.py:711
           >>>       build-tools;34.0.0                          | 34.0.0  | Android SDK Build-Tools 34                 | build-tools\34.0.0                       subprocess.py:711
           >>>       emulator                                    | 33.1.24 | Android Emulator                           | emulator                                 subprocess.py:711
           >>>       platform-tools                              | 34.0.5  | Android SDK Platform-Tools                 | platform-tools                           subprocess.py:711
           >>>       platforms;android-34                        | 2       | Android SDK Platform 34                    | platforms\android-34                     subprocess.py:711
           >>>       system-images;android-33;google_apis;x86_64 | 15      | Google APIs Intel x86_64 Atom System Image |                                          subprocess.py:711
           system-images\android-33\google_apis\x86_64                                                                                                                              
           >>>                                                                                                                                                     subprocess.py:711
           >>> Return code: 0                                                                                                                                      subprocess.py:711
